<?xml version="1.0" encoding="UTF-8"?>
<!-- Generated by org.testng.reporters.JUnitReportReporter -->
<testsuite hostname="mavdesk" failures="0" tests="2" name="harshsingh.tests.ErrorValidationsTest" time="6.304" errors="0" timestamp="2025-08-21T19:47:54 IST" skipped="0">
  <testcase classname="harshsingh.tests.ErrorValidationsTest" name="LoginErrorValidation" time="3.197"/>
  <testcase classname="harshsingh.tests.ErrorValidationsTest" name="ProductErrorValidation" time="3.107"/>
</testsuite> <!-- harshsingh.tests.ErrorValidationsTest -->
